<?xml version="1.0" encoding="UTF-8"?>
<Site BuildName="(empty)"
	BuildStamp="20240112-0350-Experimental"
	Name="(empty)"
	Generator="ctest-3.27.4"
	CompilerName=""
	CompilerVersion=""
	OSName="Windows"
	Hostname="DESKTOP-V31I0G2"
	OSRelease=" Professional"
	OSVersion=" (Build 19045)"
	OSPlatform="AMD64"
	Is64Bits="1"
	VendorString="AuthenticAMD"
	VendorID="Advanced Micro Devices"
	FamilyID="15"
	ModelID="8"
	ProcessorCacheSize="96"
	NumberOfLogicalCPU="16"
	NumberOfPhysicalCPU="8"
	TotalVirtualMemory="30646"
	TotalPhysicalMemory="16310"
	LogicalProcessorsPerPhysical="2"
	ProcessorClockFrequency="3693"
	>
	<Testing>
		<StartDateTime>Jan 11 20:50 Mountain Standard Time</StartDateTime>
		<StartTestTime>1705031449</StartTestTime>
		<TestList/>
		<EndDateTime>Jan 11 20:50 Mountain Standard Time</EndDateTime>
		<EndTestTime>1705031449</EndTestTime>
		<ElapsedMinutes>0</ElapsedMinutes>
	</Testing>
</Site>
